<?xml version="1.0" encoding="UTF-8"?>
<!-- Generated by org.testng.reporters.JUnitReportReporter -->
<testsuite hostname="DESKTOP-K93H14H" failures="0" tests="1" name="com.pack.testCases.TC_TestCase_02" time="34.284" errors="0" timestamp="2021-10-21T15:01:54 IST" skipped="0">
  <testcase classname="com.pack.testCases.TC_TestCase_02" name="mainTest" time="34.284"/>
  <system-out/>
</testsuite> <!-- com.pack.testCases.TC_TestCase_02 -->
