<?xml version="1.0" encoding="UTF-8"?>
<!-- Generated by org.testng.reporters.JUnitReportReporter -->
<testsuite hostname="DESKTOP-K93H14H" failures="0" tests="1" name="com.pack.testCases.TC_TestCase_02" time="105.666" errors="0" timestamp="2021-09-17T16:23:39 IST" skipped="0">
  <testcase classname="com.pack.testCases.TC_TestCase_02" name="mainTest" time="105.666"/>
  <system-out/>
</testsuite> <!-- com.pack.testCases.TC_TestCase_02 -->
