<?xml version="1.0" encoding="UTF-8"?>
<!-- Generated by org.testng.reporters.JUnitReportReporter -->
<testsuite hostname="DESKTOP-K93H14H" failures="0" tests="1" name="com.pack.testCases.TC_DragAndDrop" time="103.082" errors="0" timestamp="2021-09-15T11:59:06 IST" skipped="0">
  <testcase classname="com.pack.testCases.TC_DragAndDrop" name="dragAndDrop" time="103.082"/>
  <system-out/>
</testsuite> <!-- com.pack.testCases.TC_DragAndDrop -->
