<?xml version="1.0" encoding="UTF-8"?>
<!-- Generated by org.testng.reporters.JUnitReportReporter -->
<testsuite hostname="DESKTOP-K93H14H" failures="0" tests="1" name="com.pack.testCases.TC_TandAPage" time="52.932" errors="0" timestamp="2021-11-11T17:12:45 IST" skipped="0">
  <testcase classname="com.pack.testCases.TC_TandAPage" name="tANDa" time="52.932"/>
  <system-out/>
</testsuite> <!-- com.pack.testCases.TC_TandAPage -->
