<?xml version="1.0" encoding="UTF-8"?>
<!-- Generated by org.testng.reporters.JUnitReportReporter -->
<testsuite hostname="DESKTOP-K93H14H" failures="0" tests="1" name="com.pack.testCases.TC_DeleteAllShifts" time="76.806" errors="0" timestamp="2021-08-26T10:41:48 IST" skipped="0">
  <testcase classname="com.pack.testCases.TC_DeleteAllShifts" name="deleteAllShift" time="76.806"/>
  <system-out/>
</testsuite> <!-- com.pack.testCases.TC_DeleteAllShifts -->
