<?xml version="1.0" encoding="UTF-8"?>
<!-- Generated by org.testng.reporters.JUnitReportReporter -->
<testsuite hostname="DESKTOP-K93H14H" failures="0" tests="1" name="com.pack.testCases.TC_DoubleClick" time="64.245" errors="0" timestamp="2022-02-28T15:27:56 IST" skipped="0">
  <testcase classname="com.pack.testCases.TC_DoubleClick" name="doubleClick" time="64.245"/>
  <system-out/>
</testsuite> <!-- com.pack.testCases.TC_DoubleClick -->
