<?xml version="1.0" encoding="UTF-8"?>
<!-- Generated by org.testng.reporters.JUnitReportReporter -->
<testsuite hostname="DESKTOP-K93H14H" failures="0" tests="1" name="com.pack.testCases.TC_SchedularTest" time="252.983" errors="0" timestamp="2022-02-03T19:26:49 IST" skipped="0">
  <testcase classname="com.pack.testCases.TC_SchedularTest" name="schedularTest" time="252.983"/>
  <system-out/>
</testsuite> <!-- com.pack.testCases.TC_SchedularTest -->
