<?xml version="1.0" encoding="UTF-8"?>
<!-- Generated by org.testng.reporters.JUnitReportReporter -->
<testsuite hostname="DESKTOP-K93H14H" failures="0" tests="1" name="com.pack.testCases.TC_EmployeeFieldOverrides" time="181.509" errors="0" timestamp="2021-11-19T20:15:09 IST" skipped="0">
  <testcase classname="com.pack.testCases.TC_EmployeeFieldOverrides" name="employeeFieldOverrides" time="181.509"/>
  <system-out/>
</testsuite> <!-- com.pack.testCases.TC_EmployeeFieldOverrides -->
