<?xml version="1.0" encoding="UTF-8"?>
<!-- Generated by org.testng.reporters.JUnitReportReporter -->
<testsuite hostname="DESKTOP-K93H14H" failures="0" tests="1" name="com.pack.testCases.TC_TandAPage" time="595.802" errors="0" timestamp="2021-11-24T20:12:56 IST" skipped="0">
  <testcase classname="com.pack.testCases.TC_TandAPage" name="tANDa" time="595.802"/>
  <system-out/>
</testsuite> <!-- com.pack.testCases.TC_TandAPage -->
