<?xml version="1.0" encoding="UTF-8"?>
<!-- Generated by org.testng.reporters.JUnitReportReporter -->
<testsuite hostname="DESKTOP-K93H14H" failures="0" tests="1" name="com.pack.testCases.TC_OpenShiftCreationDay1Shift1" time="85.779" errors="0" timestamp="2021-08-26T10:22:12 IST" skipped="0">
  <testcase classname="com.pack.testCases.TC_OpenShiftCreationDay1Shift1" name="openShift" time="85.779"/>
  <system-out/>
</testsuite> <!-- com.pack.testCases.TC_OpenShiftCreationDay1Shift1 -->
