<?xml version="1.0" encoding="UTF-8"?>
<!-- Generated by org.testng.reporters.JUnitReportReporter -->
<testsuite hostname="DESKTOP-K93H14H" failures="0" tests="1" name="com.pack.testCases.TC_UpdateSchedulingTab" time="221.279" errors="0" timestamp="2022-01-04T17:50:06 IST" skipped="0">
  <testcase classname="com.pack.testCases.TC_UpdateSchedulingTab" name="updateSchedulingTab" time="221.279"/>
  <system-out/>
</testsuite> <!-- com.pack.testCases.TC_UpdateSchedulingTab -->
