<?xml version="1.0" encoding="UTF-8"?>
<!-- Generated by org.testng.reporters.JUnitReportReporter -->
<testsuite hostname="DESKTOP-K93H14H" failures="0" tests="1" name="com.pack.testCases.TC_AddNewEmployee" time="43.495" errors="0" timestamp="2021-11-04T14:07:55 IST" skipped="0">
  <testcase classname="com.pack.testCases.TC_AddNewEmployee" name="addNewEmployee" time="43.495"/>
  <system-out/>
</testsuite> <!-- com.pack.testCases.TC_AddNewEmployee -->
