<?xml version="1.0" encoding="UTF-8"?>
<!-- Generated by org.testng.reporters.JUnitReportReporter -->
<testsuite hostname="DESKTOP-K93H14H" failures="0" tests="1" name="com.pack.testCases.TC_OpenShiftCreationDay1Shift2" time="88.348" errors="0" timestamp="2021-08-19T20:07:25 IST" skipped="0">
  <testcase classname="com.pack.testCases.TC_OpenShiftCreationDay1Shift2" name="openShift" time="88.348"/>
  <system-out/>
</testsuite> <!-- com.pack.testCases.TC_OpenShiftCreationDay1Shift2 -->
