<?xml version="1.0" encoding="UTF-8"?>
<!-- Generated by org.testng.reporters.JUnitReportReporter -->
<testsuite hostname="DESKTOP-K93H14H" failures="0" tests="1" name="com.pack.testCases.TC_TestCase_01" time="17.169" errors="0" timestamp="2021-09-29T11:17:51 IST" skipped="0">
  <testcase classname="com.pack.testCases.TC_TestCase_01" name="loginTest" time="17.169"/>
  <system-out/>
</testsuite> <!-- com.pack.testCases.TC_TestCase_01 -->
