<?xml version="1.0" encoding="UTF-8"?>
<!-- Generated by org.testng.reporters.JUnitReportReporter -->
<testsuite hostname="DESKTOP-K93H14H" failures="0" tests="11" name="com.pack.testCases.TC_UpdateExistingEmployee" time="544.901" errors="1" timestamp="2021-12-16T18:40:04 IST" skipped="8">
  <testcase classname="com.pack.testCases.TC_UpdateExistingEmployee" name="updateExistingEmployee" time="47.229">
    <skipped/>
  </testcase> <!-- updateExistingEmployee -->
  <system-out/>
  <testcase classname="com.pack.testCases.TC_UpdateExistingEmployee" name="updateExistingEmployee" time="39.974">
    <skipped/>
  </testcase> <!-- updateExistingEmployee -->
  <system-out/>
  <testcase classname="com.pack.testCases.TC_UpdateExistingEmployee" name="updateExistingEmployee" time="0.000">
    <skipped/>
  </testcase> <!-- updateExistingEmployee -->
  <system-out/>
  <testcase classname="com.pack.testCases.TC_UpdateExistingEmployee" name="updateExistingEmployee" time="0.000">
    <skipped/>
  </testcase> <!-- updateExistingEmployee -->
  <system-out/>
  <testcase classname="com.pack.testCases.TC_UpdateExistingEmployee" name="updateExistingEmployee" time="162.926"/>
  <system-out/>
  <testcase classname="com.pack.testCases.TC_UpdateExistingEmployee" name="updateExistingEmployee" time="0.000">
    <skipped/>
  </testcase> <!-- updateExistingEmployee -->
  <system-out/>
  <testcase classname="com.pack.testCases.TC_UpdateExistingEmployee" name="setup" time="122.885">
    <error message="Expected condition failed: waiting for visibility of element located by By.xpath: //input[@class=&#039;x-input-el x-form-field x-input-text&#039;] (tried for 120 second(s) with 500 milliseconds interval)" type="org.openqa.selenium.TimeoutException">
      <![CDATA[org.openqa.selenium.TimeoutException: Expected condition failed: waiting for visibility of element located by By.xpath: //input[@class='x-input-el x-form-field x-input-text'] (tried for 120 second(s) with 500 milliseconds interval)
at org.openqa.selenium.support.ui.WebDriverWait.timeoutException(WebDriverWait.java:138)
at org.openqa.selenium.support.ui.FluentWait.until(FluentWait.java:231)
at com.pack.loginPages.LoginPage.setPartnerCode(LoginPage.java:41)
at com.pack.testCases.TC_BaseClass.setup(TC_BaseClass.java:71)
at java.base/jdk.internal.reflect.NativeMethodAccessorImpl.invoke0(Native Method)
at java.base/jdk.internal.reflect.NativeMethodAccessorImpl.invoke(NativeMethodAccessorImpl.java:78)
at java.base/jdk.internal.reflect.DelegatingMethodAccessorImpl.invoke(DelegatingMethodAccessorImpl.java:43)
at java.base/java.lang.reflect.Method.invoke(Method.java:567)
at org.testng.internal.MethodInvocationHelper.invokeMethod(MethodInvocationHelper.java:133)
at org.testng.internal.MethodInvocationHelper.invokeMethodConsideringTimeout(MethodInvocationHelper.java:62)
at org.testng.internal.ConfigInvoker.invokeConfigurationMethod(ConfigInvoker.java:385)
at org.testng.internal.ConfigInvoker.invokeConfigurations(ConfigInvoker.java:321)
at org.testng.internal.TestInvoker.runConfigMethods(TestInvoker.java:700)
at org.testng.internal.TestInvoker.invokeMethod(TestInvoker.java:527)
at org.testng.internal.TestInvoker.invokeTestMethod(TestInvoker.java:173)
at org.testng.internal.MethodRunner.runInSequence(MethodRunner.java:46)
at org.testng.internal.TestInvoker$MethodInvocationAgent.invoke(TestInvoker.java:824)
at org.testng.internal.TestInvoker.invokeTestMethods(TestInvoker.java:146)
at org.testng.internal.TestMethodWorker.invokeTestMethods(TestMethodWorker.java:146)
at org.testng.internal.TestMethodWorker.run(TestMethodWorker.java:128)
at java.base/java.util.ArrayList.forEach(ArrayList.java:1511)
at org.testng.TestRunner.privateRun(TestRunner.java:794)
at org.testng.TestRunner.run(TestRunner.java:596)
at org.testng.SuiteRunner.runTest(SuiteRunner.java:377)
at org.testng.SuiteRunner.runSequentially(SuiteRunner.java:371)
at org.testng.SuiteRunner.privateRun(SuiteRunner.java:332)
at org.testng.SuiteRunner.run(SuiteRunner.java:276)
at org.testng.SuiteRunnerWorker.runSuite(SuiteRunnerWorker.java:53)
at org.testng.SuiteRunnerWorker.run(SuiteRunnerWorker.java:96)
at org.testng.TestNG.runSuitesSequentially(TestNG.java:1212)
at org.testng.TestNG.runSuitesLocally(TestNG.java:1134)
at org.testng.TestNG.runSuites(TestNG.java:1063)
at org.testng.TestNG.run(TestNG.java:1031)
at org.testng.remote.AbstractRemoteTestNG.run(AbstractRemoteTestNG.java:115)
at org.testng.remote.RemoteTestNG.initAndRun(RemoteTestNG.java:251)
at org.testng.remote.RemoteTestNG.main(RemoteTestNG.java:77)
Caused by: org.openqa.selenium.NoSuchWindowException: no such window: target window already closed
from unknown error: web view not found
  (Session info: chrome=96.0.4664.110)
Build info: version: '4.1.0', revision: '87802e897b'
System info: host: 'DESKTOP-K93H14H', ip: '192.168.29.147', os.name: 'Windows 10', os.arch: 'amd64', os.version: '10.0', java.version: '16.0.1'
Driver info: org.openqa.selenium.chrome.ChromeDriver
Command: [4c540de28252b4c1afdff7023de441ae, findElement {using=xpath, value=//input[@class='x-input-el x-form-field x-input-text']}]
Capabilities {acceptInsecureCerts: false, browserName: chrome, browserVersion: 96.0.4664.110, chrome: {chromedriverVersion: 96.0.4664.45 (76e4c1bb2ab46..., userDataDir: C:\Users\745G6~1\AppData\Lo...}, goog:chromeOptions: {debuggerAddress: localhost:51946}, javascriptEnabled: true, networkConnectionEnabled: false, pageLoadStrategy: normal, platform: WINDOWS, platformName: WINDOWS, proxy: Proxy(), se:cdp: ws://localhost:51946/devtoo..., se:cdpVersion: 96.0.4664.110, setWindowRect: true, strictFileInteractability: false, timeouts: {implicit: 0, pageLoad: 300000, script: 30000}, unhandledPromptBehavior: dismiss and notify, webauthn:extension:credBlob: true, webauthn:extension:largeBlob: true, webauthn:virtualAuthenticators: true}
Session ID: 4c540de28252b4c1afdff7023de441ae
at jdk.internal.reflect.GeneratedConstructorAccessor60.newInstance(Unknown Source)
at java.base/jdk.internal.reflect.DelegatingConstructorAccessorImpl.newInstance(DelegatingConstructorAccessorImpl.java:45)
at java.base/java.lang.reflect.Constructor.newInstanceWithCaller(Constructor.java:499)
at java.base/java.lang.reflect.Constructor.newInstance(Constructor.java:480)
at org.openqa.selenium.remote.codec.w3c.W3CHttpResponseCodec.createException(W3CHttpResponseCodec.java:200)
at org.openqa.selenium.remote.codec.w3c.W3CHttpResponseCodec.decode(W3CHttpResponseCodec.java:133)
at org.openqa.selenium.remote.codec.w3c.W3CHttpResponseCodec.decode(W3CHttpResponseCodec.java:53)
at org.openqa.selenium.remote.HttpCommandExecutor.execute(HttpCommandExecutor.java:184)
at org.openqa.selenium.remote.service.DriverCommandExecutor.invokeExecute(DriverCommandExecutor.java:164)
at org.openqa.selenium.remote.service.DriverCommandExecutor.execute(DriverCommandExecutor.java:139)
at org.openqa.selenium.remote.RemoteWebDriver.execute(RemoteWebDriver.java:559)
at org.openqa.selenium.remote.ElementLocation$ElementFinder$2.findElement(ElementLocation.java:162)
at org.openqa.selenium.remote.ElementLocation.findElement(ElementLocation.java:60)
at org.openqa.selenium.remote.RemoteWebDriver.findElement(RemoteWebDriver.java:383)
at org.openqa.selenium.remote.RemoteWebDriver.findElement(RemoteWebDriver.java:375)
at org.openqa.selenium.support.ui.ExpectedConditions$7.apply(ExpectedConditions.java:197)
at org.openqa.selenium.support.ui.ExpectedConditions$7.apply(ExpectedConditions.java:193)
at org.openqa.selenium.support.ui.FluentWait.until(FluentWait.java:208)
... 34 more
]]>
    </error>
  </testcase> <!-- setup -->
  <system-out/>
  <testcase classname="com.pack.testCases.TC_UpdateExistingEmployee" name="updateExistingEmployee" time="171.887"/>
  <system-out/>
  <testcase classname="com.pack.testCases.TC_UpdateExistingEmployee" name="updateExistingEmployee" time="0.000">
    <skipped/>
  </testcase> <!-- updateExistingEmployee -->
  <system-out/>
  <testcase classname="com.pack.testCases.TC_UpdateExistingEmployee" name="updateExistingEmployee" time="0.000">
    <skipped/>
  </testcase> <!-- updateExistingEmployee -->
  <system-out/>
  <testcase classname="com.pack.testCases.TC_UpdateExistingEmployee" name="updateExistingEmployee" time="0.000">
    <skipped/>
  </testcase> <!-- updateExistingEmployee -->
  <system-out/>
</testsuite> <!-- com.pack.testCases.TC_UpdateExistingEmployee -->
