<?xml version="1.0" encoding="UTF-8"?>
<!-- Generated by org.testng.reporters.JUnitReportReporter -->
<testsuite hostname="DESKTOP-K93H14H" failures="0" tests="1" name="com.pack.testCases.TC_DoubleClick" time="119.548" errors="0" timestamp="2022-01-04T16:05:14 IST" skipped="0">
  <testcase classname="com.pack.testCases.TC_DoubleClick" name="doubleClick" time="119.548"/>
  <system-out/>
</testsuite> <!-- com.pack.testCases.TC_DoubleClick -->
