<?xml version="1.0" encoding="UTF-8"?>
<!-- Generated by org.testng.reporters.JUnitReportReporter -->
<testsuite hostname="DESKTOP-K93H14H" failures="0" tests="1" name="com.pack.testCases.TC_SchedularTest" time="224.631" errors="0" timestamp="2021-12-31T12:45:23 IST" skipped="0">
  <testcase classname="com.pack.testCases.TC_SchedularTest" name="schedularTest" time="224.631"/>
  <system-out/>
</testsuite> <!-- com.pack.testCases.TC_SchedularTest -->
