<?xml version="1.0" encoding="UTF-8"?>
<!-- Generated by org.testng.reporters.JUnitReportReporter -->
<testsuite hostname="DESKTOP-K93H14H" failures="0" tests="1" name="com.pack.testCases.TC_EmployeeFieldOverrides" time="93.743" errors="0" timestamp="2021-11-18T17:11:47 IST" skipped="0">
  <testcase classname="com.pack.testCases.TC_EmployeeFieldOverrides" name="employeeFieldOverrides" time="93.743"/>
  <system-out/>
</testsuite> <!-- com.pack.testCases.TC_EmployeeFieldOverrides -->
