<?xml version="1.0" encoding="UTF-8"?>
<!-- Generated by org.testng.reporters.JUnitReportReporter -->
<testsuite hostname="DESKTOP-K93H14H" failures="0" tests="1" name="com.pack.testCases.TC_UpdateExistingEmployee" time="137.416" errors="0" timestamp="2021-12-08T18:09:46 IST" skipped="0">
  <testcase classname="com.pack.testCases.TC_UpdateExistingEmployee" name="updateExistingEmployee" time="137.416"/>
  <system-out/>
</testsuite> <!-- com.pack.testCases.TC_UpdateExistingEmployee -->
