<?xml version="1.0" encoding="UTF-8"?>
<!-- Generated by org.testng.reporters.JUnitReportReporter -->
<testsuite hostname="DESKTOP-K93H14H" failures="0" tests="1" name="com.pack.testCases.TC_TestCase_01" time="18.587" errors="0" timestamp="2021-08-24T14:42:12 IST" skipped="0">
  <testcase classname="com.pack.testCases.TC_TestCase_01" name="loginTest" time="18.587"/>
  <system-out/>
</testsuite> <!-- com.pack.testCases.TC_TestCase_01 -->
